Norme: ./hit/hit.c
Norme: ./hit/does_it_hit.c
Norme: ./hit/is_inside.c
Norme: ./create_bmp/create_bmp.c
Norme: ./utils/ft_atof.c
Norme: ./utils/get_next_line.c
Norme: ./utils/manip_lst.c
Norme: ./utils/vector_manip2.c
Norme: ./utils/utils.c
Norme: ./utils/minmax.c
Norme: ./utils/vector_manip1.c
Norme: ./utils/get_next_line_utils.c
Norme: ./utils/split.c
Norme: ./color/shadows.c
Norme: ./color/lights.c
Error (line 41): line has 87 characters
Error (line 52, col 14): space after negative
Error (line 53, col 14): space after negative
Error (line 54, col 14): space after negative
Error (line 63): spaces at the end of line
Error (line 63, col 2): missing space after return
Error (line 63, col 19): bad character after ;
Norme: ./color/define_color.c
Norme: ./error_check/print_error_message2.c
Norme: ./error_check/is_geom_clean.c
Norme: ./error_check/is_line_clean.c
Norme: ./error_check/print_error_message3.c
Norme: ./error_check/error_utils2.c
Norme: ./error_check/error_utils1.c
Norme: ./error_check/print_error_message1.c
Norme: ./deal_keys/manage_console.c
Norme: ./deal_keys/deal_change_utils.c
Error: 42 header not at top of the file
Norme: ./deal_keys/deal_key.c
Error (line 86): function deal_key has 26 lines
Norme: ./deal_keys/check_param.c
Norme: ./deal_keys/deal_change.c
Error: 42 header not at top of the file
Error (line 3): multiple empty lines
Error (line 4): bad spacing before add_rot
Error (line 104): line has 105 characters
Norme: ./deal_keys/manage_console2.c
Norme: ./read_list/def_geom.c
Norme: ./read_list/create_list.c
Norme: ./read_list/def_obj.c
Norme: ./minirt.c
Error: 7 functions in the file
Error (line 84): bad spacing after deal_expose_cons
Error (line 90): multiple empty lines
Error (line 91): function main has 29 lines
Error (line 91): bad spacing before main
